<?xml version="1.0" encoding="UTF-8"?>
<!-- Generated by org.testng.reporters.JUnitReportReporter -->
<testsuite skipped="0" hostname="ZC-DeepakA.local" name="API.REST.PostRequestTest" tests="1" failures="0" timestamp="18 Aug 2019 18:42:39 GMT" time="1.726" errors="0">
  <testcase name="postApi" time="1.726" classname="API.REST.PostRequestTest"/>
</testsuite> <!-- API.REST.PostRequestTest -->
